s6-rc: info: service s6rc-oneshot-runner: starting
s6-rc: info: service s6rc-oneshot-runner successfully started
s6-rc: info: service fix-attrs: starting
s6-rc: info: service fix-attrs successfully started
s6-rc: info: service legacy-cont-init: starting
s6-rc: info: service legacy-cont-init successfully started
s6-rc: info: service legacy-services: starting
services-up: info: copying legacy longrun home-assistant (no readiness notification)
s6-rc: info: service legacy-services successfully started
2026-03-21 01:28:41.347 WARNING (SyncWorker_0) [homeassistant.loader] We found a custom integration hacs which has not been tested by Home Assistant. This component might cause stability problems, be sure to disable it if you experience issues with Home Assistant
2026-03-21 01:28:41.350 WARNING (SyncWorker_0) [homeassistant.loader] We found a custom integration cfl_commute which has not been tested by Home Assistant. This component might cause stability problems, be sure to disable it if you experience issues with Home Assistant
2026-03-21 01:28:41.352 WARNING (SyncWorker_0) [homeassistant.loader] We found a custom integration meross_lan which has not been tested by Home Assistant. This component might cause stability problems, be sure to disable it if you experience issues with Home Assistant
2026-03-21 01:28:41.355 WARNING (SyncWorker_0) [homeassistant.loader] We found a custom integration landroid_cloud which has not been tested by Home Assistant. This component might cause stability problems, be sure to disable it if you experience issues with Home Assistant
2026-03-21 01:28:41.357 WARNING (SyncWorker_0) [homeassistant.loader] We found a custom integration my_rail_commute which has not been tested by Home Assistant. This component might cause stability problems, be sure to disable it if you experience issues with Home Assistant
2026-03-21 01:28:41.359 WARNING (SyncWorker_0) [homeassistant.loader] We found a custom integration daikin_onecta which has not been tested by Home Assistant. This component might cause stability problems, be sure to disable it if you experience issues with Home Assistant
2026-03-21 01:28:47.763 WARNING (MainThread) [homeassistant.components.lg_thinq] No devices registered with the correct profile
2026-03-21 01:28:49.190 WARNING (SyncWorker_0) [py.warnings] /usr/local/lib/python3.14/site-packages/awsiot/mqtt_connection_builder.py:161: UserWarning: pkg_resources is deprecated as an API. See https://setuptools.pypa.io/en/latest/pkg_resources.html. The pkg_resources package is slated for removal as early as 2025-11-30. Refrain from using this package or pin to Setuptools<81.
  import pkg_resources

2026-03-21 01:29:05.627 WARNING (MainThread) [async_upnp_client.profiles.dlna] Only InstanceID 0 is supported
2026-03-21 01:29:05.635 WARNING (MainThread) [async_upnp_client.profiles.dlna] Only InstanceID 0 is supported
2026-03-21 01:29:12.544 WARNING (MainThread) [homeassistant.components.http.ban] Login attempt or request with invalid authentication from mac.lan (192.168.86.75). Requested URL: '/api/states/sensor.luxembourg_gare_centrale_rodange_gare_summary'. (curl/8.7.1)
